<?xml version="1.0" encoding="UTF-8"?>
<testng-results skipped="0" failed="0" ignored="0" total="3" passed="3">
  <reporter-output>
  </reporter-output>
  <suite name="Suite" duration-ms="124113" started-at="2018-12-15T07:30:40Z" finished-at="2018-12-15T07:32:44Z">
    <groups>
    </groups>
    <test name="Test1" duration-ms="124113" started-at="2018-12-15T07:30:40Z" finished-at="2018-12-15T07:32:44Z">
      <class name="com.selenium.sjzj.testcase.SuiteTestLogin">
        <test-method status="PASS" signature="beforeClass()[pri:0, instance:com.selenium.sjzj.testcase.SuiteTestLogin@47f6473]" name="beforeClass" is-config="true" duration-ms="37796" started-at="2018-12-15T15:30:40Z" finished-at="2018-12-15T15:31:18Z">
          <reporter-output>
          </reporter-output>
        </test-method> <!-- beforeClass -->
        <test-method status="PASS" signature="testLogin()[pri:0, instance:com.selenium.sjzj.testcase.SuiteTestLogin@47f6473]" name="testLogin" duration-ms="5354" started-at="2018-12-15T15:31:18Z" finished-at="2018-12-15T15:31:24Z">
          <reporter-output>
          </reporter-output>
        </test-method> <!-- testLogin -->
        <test-method status="PASS" signature="afterClass()[pri:0, instance:com.selenium.sjzj.testcase.SuiteTestLogin@47f6473]" name="afterClass" is-config="true" duration-ms="1265" started-at="2018-12-15T15:31:24Z" finished-at="2018-12-15T15:31:25Z">
          <reporter-output>
          </reporter-output>
        </test-method> <!-- afterClass -->
      </class> <!-- com.selenium.sjzj.testcase.SuiteTestLogin -->
      <class name="com.selenium.sjzj.testcase.gzpz.SuiteTestGzpzZdy">
        <test-method status="PASS" signature="beforeClass()[pri:0, instance:com.selenium.sjzj.testcase.gzpz.SuiteTestGzpzZdy@15975490]" name="beforeClass" is-config="true" duration-ms="7693" started-at="2018-12-15T15:31:25Z" finished-at="2018-12-15T15:31:32Z">
          <reporter-output>
          </reporter-output>
        </test-method> <!-- beforeClass -->
        <test-method status="PASS" signature="testZydgzProcess()[pri:0, instance:com.selenium.sjzj.testcase.gzpz.SuiteTestGzpzZdy@15975490]" name="testZydgzProcess" duration-ms="23596" started-at="2018-12-15T15:31:32Z" finished-at="2018-12-15T15:31:56Z">
          <reporter-output>
          </reporter-output>
        </test-method> <!-- testZydgzProcess -->
        <test-method status="PASS" signature="afterClass()[pri:0, instance:com.selenium.sjzj.testcase.gzpz.SuiteTestGzpzZdy@15975490]" name="afterClass" is-config="true" duration-ms="984" started-at="2018-12-15T15:31:56Z" finished-at="2018-12-15T15:31:57Z">
          <reporter-output>
          </reporter-output>
        </test-method> <!-- afterClass -->
      </class> <!-- com.selenium.sjzj.testcase.gzpz.SuiteTestGzpzZdy -->
      <class name="com.selenium.sjzj.testcase.gzpz.SuiteTestGzpzYdy">
        <test-method status="PASS" signature="beforeClass()[pri:0, instance:com.selenium.sjzj.testcase.gzpz.SuiteTestGzpzYdy@6b143ee9]" name="beforeClass" is-config="true" duration-ms="7927" started-at="2018-12-15T15:31:57Z" finished-at="2018-12-15T15:32:05Z">
          <reporter-output>
          </reporter-output>
        </test-method> <!-- beforeClass -->
        <test-method status="PASS" signature="testZydgzProcess()[pri:0, instance:com.selenium.sjzj.testcase.gzpz.SuiteTestGzpzYdy@6b143ee9]" name="testZydgzProcess" duration-ms="38273" started-at="2018-12-15T15:32:05Z" finished-at="2018-12-15T15:32:43Z">
          <reporter-output>
          </reporter-output>
        </test-method> <!-- testZydgzProcess -->
        <test-method status="PASS" signature="afterClass()[pri:0, instance:com.selenium.sjzj.testcase.gzpz.SuiteTestGzpzYdy@6b143ee9]" name="afterClass" is-config="true" duration-ms="1210" started-at="2018-12-15T15:32:43Z" finished-at="2018-12-15T15:32:44Z">
          <reporter-output>
          </reporter-output>
        </test-method> <!-- afterClass -->
      </class> <!-- com.selenium.sjzj.testcase.gzpz.SuiteTestGzpzYdy -->
    </test> <!-- Test1 -->
  </suite> <!-- Suite -->
</testng-results>
