<?xml version="1.0" encoding="UTF-8"?>
<testsuite xmlns:xsi="http://www.w3.org/2001/XMLSchema-instance" xsi:noNamespaceSchemaLocation="https://maven.apache.org/surefire/maven-surefire-plugin/xsd/surefire-test-report.xsd" name="TestSuite" time="124.555" tests="3" errors="0" skipped="0" failures="0">
  <properties>
[...]
</properties>
  <testcase name="testLogin" classname="com.selenium.sjzj.testcase.SuiteTestLogin" time="5.353"/>
  <testcase name="testZydgzProcess" classname="com.selenium.sjzj.testcase.gzpz.SuiteTestGzpzZdy" time="23.596"/>
  <testcase name="testZydgzProcess" classname="com.selenium.sjzj.testcase.gzpz.SuiteTestGzpzYdy" time="38.274"/>
</testsuite>