<?xml version="1.0" encoding="UTF-8" ?>
<testsuite tests="7" failures="2" name="TestSuite" time="5.363" errors="0" skipped="5">
  <properties>
[...]
</properties>
  <testcase classname="com.tester.cases.LoginTest" name="loginTrue" time="2.122">
    <failure message="Connection to http://localhost:8878 refused" type="org.apache.http.conn.HttpHostConnectException">org.apache.http.conn.HttpHostConnectException: Connection to http://localhost:8878 refused
	at org.apache.http.impl.conn.DefaultClientConnectionOperator.openConnection(DefaultClientConnectionOperator.java:159)
	at org.apache.http.impl.conn.AbstractPoolEntry.open(AbstractPoolEntry.java:149)
	at org.apache.http.impl.conn.AbstractPooledConnAdapter.open(AbstractPooledConnAdapter.java:108)
	at org.apache.http.impl.client.DefaultRequestDirector.execute(DefaultRequestDirector.java:415)
	at org.apache.http.impl.client.AbstractHttpClient.execute(AbstractHttpClient.java:641)
	at org.apache.http.impl.client.AbstractHttpClient.execute(AbstractHttpClient.java:576)
	at org.apache.http.impl.client.AbstractHttpClient.execute(AbstractHttpClient.java:554)
	at com.tester.cases.LoginTest.getResult(LoginTest.java:66)
	at com.tester.cases.LoginTest.loginTrue(LoginTest.java:37)
Caused by: java.net.ConnectException: Connection refused: connect
	at java.net.DualStackPlainSocketImpl.connect0(Native Method)
	at java.net.DualStackPlainSocketImpl.socketConnect(DualStackPlainSocketImpl.java:79)
	at java.net.AbstractPlainSocketImpl.doConnect(AbstractPlainSocketImpl.java:345)
	at java.net.AbstractPlainSocketImpl.connectToAddress(AbstractPlainSocketImpl.java:206)
	at java.net.AbstractPlainSocketImpl.connect(AbstractPlainSocketImpl.java:188)
	at java.net.PlainSocketImpl.connect(PlainSocketImpl.java:172)
	at java.net.SocksSocketImpl.connect(SocksSocketImpl.java:392)
	at java.net.Socket.connect(Socket.java:589)
	at org.apache.http.conn.scheme.PlainSocketFactory.connectSocket(PlainSocketFactory.java:123)
	at org.apache.http.impl.conn.DefaultClientConnectionOperator.openConnection(DefaultClientConnectionOperator.java:133)
	... 42 more
</failure>
    <system-out>@HL
@HL-------------------------------------------------------
@HL T E S T S
@HL-------------------------------------------------------
@SLRunning TestSuite
[TestNGContentHandler] [WARN] It is strongly recommended to add &quot;&lt;!DOCTYPE suite SYSTEM &quot;http://testng.org/testng-1.0.dtd&quot; &gt;&quot; at the top of your file, otherwise TestNG may fail or not work as expected.
LoginCase(id=1, userName=zhangsan, password=123456, expected=true)
http://localhost:8878/v1/login
</system-out>
  </testcase>
  <testcase classname="com.tester.cases.LoginTest" name="loginFalse" time="1.059">
    <failure message="Connection to http://localhost:8878 refused" type="org.apache.http.conn.HttpHostConnectException">org.apache.http.conn.HttpHostConnectException: Connection to http://localhost:8878 refused
	at org.apache.http.impl.conn.DefaultClientConnectionOperator.openConnection(DefaultClientConnectionOperator.java:159)
	at org.apache.http.impl.conn.AbstractPoolEntry.open(AbstractPoolEntry.java:149)
	at org.apache.http.impl.conn.AbstractPooledConnAdapter.open(AbstractPooledConnAdapter.java:108)
	at org.apache.http.impl.client.DefaultRequestDirector.execute(DefaultRequestDirector.java:415)
	at org.apache.http.impl.client.AbstractHttpClient.execute(AbstractHttpClient.java:641)
	at org.apache.http.impl.client.AbstractHttpClient.execute(AbstractHttpClient.java:576)
	at org.apache.http.impl.client.AbstractHttpClient.execute(AbstractHttpClient.java:554)
	at com.tester.cases.LoginTest.getResult(LoginTest.java:66)
	at com.tester.cases.LoginTest.loginFalse(LoginTest.java:48)
Caused by: java.net.ConnectException: Connection refused: connect
	at java.net.DualStackPlainSocketImpl.connect0(Native Method)
	at java.net.DualStackPlainSocketImpl.socketConnect(DualStackPlainSocketImpl.java:79)
	at java.net.AbstractPlainSocketImpl.doConnect(AbstractPlainSocketImpl.java:345)
	at java.net.AbstractPlainSocketImpl.connectToAddress(AbstractPlainSocketImpl.java:206)
	at java.net.AbstractPlainSocketImpl.connect(AbstractPlainSocketImpl.java:188)
	at java.net.PlainSocketImpl.connect(PlainSocketImpl.java:172)
	at java.net.SocksSocketImpl.connect(SocksSocketImpl.java:392)
	at java.net.Socket.connect(Socket.java:589)
	at org.apache.http.conn.scheme.PlainSocketFactory.connectSocket(PlainSocketFactory.java:123)
	at org.apache.http.impl.conn.DefaultClientConnectionOperator.openConnection(DefaultClientConnectionOperator.java:133)
	... 42 more
</failure>
    <system-out>LoginCase(id=2, userName=zhangsanerror, password=123, expected=false)
http://localhost:8878/v1/login
</system-out>
  </testcase>
  <testcase classname="com.tester.cases.AddUserTest" name="addUser" time="1.06">
    <skipped/>
  </testcase>
  <testcase classname="com.tester.cases.GetUserInfoTest" name="getUserInfo" time="1.063">
    <skipped/>
  </testcase>
  <testcase classname="com.tester.cases.UpdateUserInfoTest" name="updateUserInfo" time="1.064">
    <skipped/>
  </testcase>
  <testcase classname="com.tester.cases.UpdateUserInfoTest" name="deleteUser" time="1.064">
    <skipped/>
  </testcase>
  <testcase classname="com.tester.cases.GetUserInfoListTest" name="getUserListInfo" time="1.064">
    <skipped/>
  </testcase>
</testsuite>