<?xml version="1.0" encoding="UTF-8"?>
<!-- Generated by org.testng.reporters.JUnitXMLReporter -->
<testsuite hostname="wangmaoy" ignored="0" name="Test1" tests="3" failures="0" timestamp="15 十二月 2018 03:44:31 GMT" time="93.224" errors="0">
  <testcase name="testLogin" time="4.58" classname="com.selenium.sjzj.testcase.SuiteTestLogin"/>
  <testcase name="testZydgzProcess" time="22.757" classname="com.selenium.sjzj.testcase.gzpz.SuiteTestGzpzZdy"/>
  <testcase name="testZydgzProcess" time="38.051" classname="com.selenium.sjzj.testcase.gzpz.SuiteTestGzpzYdy"/>
</testsuite> <!-- Test1 -->
