<?xml version="1.0" encoding="UTF-8"?>
<testng-results skipped="0" failed="0" ignored="0" total="3" passed="3">
  <reporter-output>
  </reporter-output>
  <suite name="Suite" duration-ms="93224" started-at="2018-12-15T03:42:58Z" finished-at="2018-12-15T03:44:31Z">
    <groups>
    </groups>
    <test name="Test1" duration-ms="93224" started-at="2018-12-15T03:42:58Z" finished-at="2018-12-15T03:44:31Z">
      <class name="com.selenium.sjzj.testcase.SuiteTestLogin">
        <test-method status="PASS" signature="beforeClass()[pri:0, instance:com.selenium.sjzj.testcase.SuiteTestLogin@27f674d]" name="beforeClass" is-config="true" duration-ms="8111" started-at="2018-12-15T11:42:58Z" finished-at="2018-12-15T11:43:06Z">
          <reporter-output>
          </reporter-output>
        </test-method> <!-- beforeClass -->
        <test-method status="PASS" signature="testLogin()[pri:0, instance:com.selenium.sjzj.testcase.SuiteTestLogin@27f674d]" name="testLogin" duration-ms="4580" started-at="2018-12-15T11:43:06Z" finished-at="2018-12-15T11:43:10Z">
          <reporter-output>
          </reporter-output>
        </test-method> <!-- testLogin -->
        <test-method status="PASS" signature="afterClass()[pri:0, instance:com.selenium.sjzj.testcase.SuiteTestLogin@27f674d]" name="afterClass" is-config="true" duration-ms="1019" started-at="2018-12-15T11:43:10Z" finished-at="2018-12-15T11:43:11Z">
          <reporter-output>
          </reporter-output>
        </test-method> <!-- afterClass -->
      </class> <!-- com.selenium.sjzj.testcase.SuiteTestLogin -->
      <class name="com.selenium.sjzj.testcase.gzpz.SuiteTestGzpzZdy">
        <test-method status="PASS" signature="beforeClass()[pri:0, instance:com.selenium.sjzj.testcase.gzpz.SuiteTestGzpzZdy@1d251891]" name="beforeClass" is-config="true" duration-ms="9337" started-at="2018-12-15T11:43:11Z" finished-at="2018-12-15T11:43:21Z">
          <reporter-output>
          </reporter-output>
        </test-method> <!-- beforeClass -->
        <test-method status="PASS" signature="testZydgzProcess()[pri:0, instance:com.selenium.sjzj.testcase.gzpz.SuiteTestGzpzZdy@1d251891]" name="testZydgzProcess" duration-ms="22757" started-at="2018-12-15T11:43:21Z" finished-at="2018-12-15T11:43:43Z">
          <reporter-output>
          </reporter-output>
        </test-method> <!-- testZydgzProcess -->
        <test-method status="PASS" signature="afterClass()[pri:0, instance:com.selenium.sjzj.testcase.gzpz.SuiteTestGzpzZdy@1d251891]" name="afterClass" is-config="true" duration-ms="982" started-at="2018-12-15T11:43:43Z" finished-at="2018-12-15T11:43:44Z">
          <reporter-output>
          </reporter-output>
        </test-method> <!-- afterClass -->
      </class> <!-- com.selenium.sjzj.testcase.gzpz.SuiteTestGzpzZdy -->
      <class name="com.selenium.sjzj.testcase.gzpz.SuiteTestGzpzYdy">
        <test-method status="PASS" signature="beforeClass()[pri:0, instance:com.selenium.sjzj.testcase.gzpz.SuiteTestGzpzYdy@48140564]" name="beforeClass" is-config="true" duration-ms="7405" started-at="2018-12-15T11:43:44Z" finished-at="2018-12-15T11:43:52Z">
          <reporter-output>
          </reporter-output>
        </test-method> <!-- beforeClass -->
        <test-method status="PASS" signature="testZydgzProcess()[pri:0, instance:com.selenium.sjzj.testcase.gzpz.SuiteTestGzpzYdy@48140564]" name="testZydgzProcess" duration-ms="38051" started-at="2018-12-15T11:43:52Z" finished-at="2018-12-15T11:44:30Z">
          <reporter-output>
          </reporter-output>
        </test-method> <!-- testZydgzProcess -->
        <test-method status="PASS" signature="afterClass()[pri:0, instance:com.selenium.sjzj.testcase.gzpz.SuiteTestGzpzYdy@48140564]" name="afterClass" is-config="true" duration-ms="956" started-at="2018-12-15T11:44:30Z" finished-at="2018-12-15T11:44:31Z">
          <reporter-output>
          </reporter-output>
        </test-method> <!-- afterClass -->
      </class> <!-- com.selenium.sjzj.testcase.gzpz.SuiteTestGzpzYdy -->
    </test> <!-- Test1 -->
  </suite> <!-- Suite -->
</testng-results>
