<?xml version="1.0" encoding="UTF-8"?>
<!-- Generated by org.testng.reporters.JUnitXMLReporter -->
<testsuite hostname="wangmaoy" ignored="0" name="Test1" tests="3" failures="0" timestamp="15 十二月 2018 07:32:45 GMT" time="124.113" errors="0">
  <testcase name="testLogin" time="5.354" classname="com.selenium.sjzj.testcase.SuiteTestLogin"/>
  <testcase name="testZydgzProcess" time="23.596" classname="com.selenium.sjzj.testcase.gzpz.SuiteTestGzpzZdy"/>
  <testcase name="testZydgzProcess" time="38.273" classname="com.selenium.sjzj.testcase.gzpz.SuiteTestGzpzYdy"/>
</testsuite> <!-- Test1 -->
